\BOOKMARK [0][-]{chapter.1}{\376\377\000A\000b\000o\000u\000t}{}% 1
\BOOKMARK [1][-]{section.1.1}{\376\377\000T\000h\000i\000s\000\040\000d\000o\000c\000u\000m\000e\000n\000t}{chapter.1}% 2
\BOOKMARK [1][-]{section.1.2}{\376\377\000r\000e\000S\000t\000r\000u\000c\000t\000u\000r\000e\000d\000T\000e\000x\000t\000\040\000S\000t\000u\000r\000c\000t\000u\000r\000e}{chapter.1}% 3
\BOOKMARK [1][-]{section.1.3}{\376\377\000P\000a\000c\000k\000a\000g\000e\000\040\000s\000t\000r\000u\000c\000t\000u\000r\000e}{chapter.1}% 4
\BOOKMARK [0][-]{chapter.2}{\376\377\000I\000n\000s\000t\000a\000l\000l}{}% 5
\BOOKMARK [1][-]{section.2.1}{\376\377\000R\000e\000q\000u\000i\000r\000e\000m\000e\000n\000t\000s}{chapter.2}% 6
\BOOKMARK [1][-]{section.2.2}{\376\377\000U\000s\000i\000n\000g\000\040\000P\000y\000P\000I}{chapter.2}% 7
\BOOKMARK [1][-]{section.2.3}{\376\377\000U\000s\000i\000n\000g\000\040\000S\000e\000t\000u\000p\000t\000o\000o\000l\000s}{chapter.2}% 8
\BOOKMARK [0][-]{chapter.3}{\376\377\000H\000o\000w\000\040\000t\000o\000\040\000u\000s\000e}{}% 9
\BOOKMARK [0][-]{chapter.4}{\376\377\000s\000c\000i\000b\000e\000a\000m\000.\000c\000o\000r\000e\000\040\000p\000a\000c\000k\000a\000g\000e}{}% 10
\BOOKMARK [1][-]{section.4.1}{\376\377\000S\000u\000b\000m\000o\000d\000u\000l\000e\000s}{chapter.4}% 11
\BOOKMARK [1][-]{section.4.2}{\376\377\000s\000c\000i\000b\000e\000a\000m\000.\000c\000o\000r\000e\000.\000b\000a\000s\000e\000\040\000m\000o\000d\000u\000l\000e}{chapter.4}% 12
\BOOKMARK [1][-]{section.4.3}{\376\377\000s\000c\000i\000b\000e\000a\000m\000.\000c\000o\000r\000e\000.\000c\000o\000m\000m\000o\000n\000\040\000m\000o\000d\000u\000l\000e}{chapter.4}% 13
\BOOKMARK [1][-]{section.4.4}{\376\377\000s\000c\000i\000b\000e\000a\000m\000.\000c\000o\000r\000e\000.\000d\000e\000s\000c\000r\000i\000p\000t\000o\000r\000\040\000m\000o\000d\000u\000l\000e}{chapter.4}% 14
\BOOKMARK [1][-]{section.4.5}{\376\377\000s\000c\000i\000b\000e\000a\000m\000.\000c\000o\000r\000e\000.\000f\000o\000r\000m\000a\000t\000t\000e\000r\000\040\000m\000o\000d\000u\000l\000e}{chapter.4}% 15
\BOOKMARK [1][-]{section.4.6}{\376\377\000s\000c\000i\000b\000e\000a\000m\000.\000c\000o\000r\000e\000.\000g\000a\000u\000s\000s\000i\000a\000n\000\040\000m\000o\000d\000u\000l\000e}{chapter.4}% 16
\BOOKMARK [1][-]{section.4.7}{\376\377\000s\000c\000i\000b\000e\000a\000m\000.\000c\000o\000r\000e\000.\000n\000u\000m\000e\000r\000i\000c\000a\000l\000\040\000m\000o\000d\000u\000l\000e}{chapter.4}% 17
\BOOKMARK [1][-]{section.4.8}{\376\377\000s\000c\000i\000b\000e\000a\000m\000.\000c\000o\000r\000e\000.\000p\000e\000a\000k\000\040\000m\000o\000d\000u\000l\000e}{chapter.4}% 18
\BOOKMARK [1][-]{section.4.9}{\376\377\000s\000c\000i\000b\000e\000a\000m\000.\000c\000o\000r\000e\000.\000p\000l\000o\000t\000\040\000m\000o\000d\000u\000l\000e}{chapter.4}% 19
\BOOKMARK [1][-]{section.4.10}{\376\377\000s\000c\000i\000b\000e\000a\000m\000.\000c\000o\000r\000e\000.\000r\000e\000g\000e\000x\000p\000\040\000m\000o\000d\000u\000l\000e}{chapter.4}% 20
\BOOKMARK [1][-]{section.4.11}{\376\377\000s\000c\000i\000b\000e\000a\000m\000.\000c\000o\000r\000e\000.\000t\000o\000f\000f\000r\000a\000m\000e\000\040\000m\000o\000d\000u\000l\000e}{chapter.4}% 21
\BOOKMARK [1][-]{section.4.12}{\376\377\000s\000c\000i\000b\000e\000a\000m\000.\000c\000o\000r\000e\000.\000t\000o\000f\000s\000e\000r\000i\000e\000s\000\040\000m\000o\000d\000u\000l\000e}{chapter.4}% 22
\BOOKMARK [1][-]{section.4.13}{\376\377\000M\000o\000d\000u\000l\000e\000\040\000c\000o\000n\000t\000e\000n\000t\000s}{chapter.4}% 23
\BOOKMARK [0][-]{chapter.5}{\376\377\000C\000o\000n\000t\000r\000i\000b\000u\000t\000e}{}% 24
\BOOKMARK [1][-]{section.5.1}{\376\377\000S\000t\000e\000p\000s}{chapter.5}% 25
\BOOKMARK [1][-]{section.5.2}{\376\377\000H\000e\000l\000p\000\040\000n\000e\000e\000d\000e\000d}{chapter.5}% 26
\BOOKMARK [0][-]{chapter.6}{\376\377\000s\000c\000i\000b\000e\000a\000m\000.\000t\000e\000s\000t\000s\000\040\000p\000a\000c\000k\000a\000g\000e}{}% 27
\BOOKMARK [1][-]{section.6.1}{\376\377\000S\000u\000b\000m\000o\000d\000u\000l\000e\000s}{chapter.6}% 28
\BOOKMARK [1][-]{section.6.2}{\376\377\000s\000c\000i\000b\000e\000a\000m\000.\000t\000e\000s\000t\000s\000.\000t\000e\000s\000t\000\137\000b\000a\000s\000e\000\040\000m\000o\000d\000u\000l\000e}{chapter.6}% 29
\BOOKMARK [1][-]{section.6.3}{\376\377\000s\000c\000i\000b\000e\000a\000m\000.\000t\000e\000s\000t\000s\000.\000t\000e\000s\000t\000\137\000c\000o\000m\000m\000o\000n\000\040\000m\000o\000d\000u\000l\000e}{chapter.6}% 30
\BOOKMARK [1][-]{section.6.4}{\376\377\000s\000c\000i\000b\000e\000a\000m\000.\000t\000e\000s\000t\000s\000.\000t\000e\000s\000t\000\137\000f\000o\000r\000m\000a\000t\000t\000e\000r\000\040\000m\000o\000d\000u\000l\000e}{chapter.6}% 31
\BOOKMARK [1][-]{section.6.5}{\376\377\000s\000c\000i\000b\000e\000a\000m\000.\000t\000e\000s\000t\000s\000.\000t\000e\000s\000t\000\137\000i\000m\000p\000o\000r\000t\000s\000\040\000m\000o\000d\000u\000l\000e}{chapter.6}% 32
\BOOKMARK [1][-]{section.6.6}{\376\377\000s\000c\000i\000b\000e\000a\000m\000.\000t\000e\000s\000t\000s\000.\000t\000e\000s\000t\000\137\000r\000e\000g\000e\000x\000p\000\040\000m\000o\000d\000u\000l\000e}{chapter.6}% 33
\BOOKMARK [1][-]{section.6.7}{\376\377\000s\000c\000i\000b\000e\000a\000m\000.\000t\000e\000s\000t\000s\000.\000t\000e\000s\000t\000\137\000t\000o\000f\000s\000e\000r\000i\000e\000s\000\040\000m\000o\000d\000u\000l\000e}{chapter.6}% 34
\BOOKMARK [1][-]{section.6.8}{\376\377\000M\000o\000d\000u\000l\000e\000\040\000c\000o\000n\000t\000e\000n\000t\000s}{chapter.6}% 35
\BOOKMARK [0][-]{chapter.7}{\376\377\000I\000n\000d\000i\000c\000e\000s\000\040\000a\000n\000d\000\040\000t\000a\000b\000l\000e\000s}{}% 36
\BOOKMARK [0][-]{section*.116}{\376\377\000P\000y\000t\000h\000o\000n\000\040\000M\000o\000d\000u\000l\000e\000\040\000I\000n\000d\000e\000x}{}% 37
